<?xml version="1.0" encoding="UTF-8"?>
<!-- Generated by org.testng.reporters.JUnitReportReporter -->
<testsuite name="com.qainfotech.Basic" tests="1" time="0.105" ignored="1" failures="0" timestamp="19 Jul 2017 13:04:45 GMT" skipped="0" hostname="ASDP1760PO02529" errors="0">
  <testcase name="testIsPlayerAdd" time="0.105" classname="com.qainfotech.Basic"/>
  <testcase name="testForStatusCode" classname="com.qainfotech.Basic">
    <skipped/>
  </testcase> <!-- testForStatusCode -->
</testsuite> <!-- com.qainfotech.Basic -->
